#
# There is insufficient memory for the Java Runtime Environment to continue.
# Native memory allocation (malloc) failed to allocate 483072 bytes for Chunk::new
# Possible reasons:
#   The system is out of physical RAM or swap space
#   The process is running with CompressedOops enabled, and the Java Heap may be blocking the growth of the native heap
# Possible solutions:
#   Reduce memory load on the system
#   Increase physical memory or swap space
#   Check if swap backing store is full
#   Decrease Java heap size (-Xmx/-Xms)
#   Decrease number of Java threads
#   Decrease Java thread stack sizes (-Xss)
#   Set larger code cache with -XX:ReservedCodeCacheSize=
#   JVM is running with Unscaled Compressed Oops mode in which the Java heap is
#     placed in the first 4GB address space. The Java Heap base address is the
#     maximum limit for the native heap growth. Please use -XX:HeapBaseMinAddress
#     to set the Java Heap base and to place the Java Heap above 4GB virtual address.
# This output file may be truncated or incomplete.
#
#  Out of Memory Error (allocation.cpp:389), pid=12928, tid=0x0000000000001f48
#
# JRE version: OpenJDK Runtime Environment (8.0_202-b03) (build 1.8.0_202-release-1483-b03)
# Java VM: OpenJDK 64-Bit Server VM (25.202-b03 mixed mode windows-amd64 compressed oops)
# Failed to write core dump. Minidumps are not enabled by default on client versions of Windows
#

---------------  T H R E A D  ---------------

Current thread (0x0000000016679000):  JavaThread "C2 CompilerThread0" daemon [_thread_in_native, id=8008, stack(0x0000000017ce0000,0x0000000017de0000)]

Stack: [0x0000000017ce0000,0x0000000017de0000]
[error occurred during error reporting (printing stack bounds), id 0xc0000005]

Native frames: (J=compiled Java code, j=interpreted, Vv=VM code, C=native code)


Current CompileTask:
C2:   2064 1442   !   4       java.net.URLClassLoader$1::run (63 bytes)


---------------  P R O C E S S  ---------------

Java Threads: ( => current thread )
  0x000000001918a800 JavaThread "Cache worker for journal cache (C:\Users\danie\.gradle\caches\journal-1)" [_thread_blocked, id=18984, stack(0x000000001b230000,0x000000001b330000)]
  0x000000001918c800 JavaThread "File lock request listener" [_thread_in_native, id=7236, stack(0x000000001b130000,0x000000001b230000)]
  0x000000001918c000 JavaThread "Cache worker for file hash cache (C:\Users\danie\.gradle\caches\5.4.1\fileHashes)" [_thread_blocked, id=13656, stack(0x000000001b030000,0x000000001b130000)]
  0x0000000019389800 JavaThread "Thread-9" [_thread_blocked, id=1744, stack(0x000000001af30000,0x000000001b030000)]
  0x0000000018b52000 JavaThread "Stdin handler" [_thread_blocked, id=19792, stack(0x000000001ae30000,0x000000001af30000)]
  0x0000000018b50000 JavaThread "Asynchronous log dispatcher for DefaultDaemonConnection: socket connection from /127.0.0.1:52425 to /127.0.0.1:52426" [_thread_blocked, id=10228, stack(0x000000001ad30000,0x000000001ae30000)]
  0x000000001807e000 JavaThread "Daemon worker" [_thread_in_vm, id=12372, stack(0x000000001ac30000,0x000000001ad30000)]
  0x000000001807d800 JavaThread "Cancel handler" [_thread_blocked, id=1884, stack(0x000000001ab30000,0x000000001ac30000)]
  0x00000000187bf800 JavaThread "Handler for socket connection from /127.0.0.1:52425 to /127.0.0.1:52426" [_thread_in_native, id=10828, stack(0x000000001a830000,0x000000001a930000)]
  0x0000000018729000 JavaThread "Daemon" [_thread_blocked, id=19096, stack(0x000000001a730000,0x000000001a830000)]
  0x00000000187e1800 JavaThread "Daemon periodic checks" [_thread_blocked, id=4432, stack(0x000000001a630000,0x000000001a730000)]
  0x00000000181e0000 JavaThread "Incoming local TCP Connector on port 52425" [_thread_in_native, id=18728, stack(0x000000001a3f0000,0x000000001a4f0000)]
  0x000000001943f800 JavaThread "Daemon health stats" [_thread_blocked, id=8808, stack(0x0000000019db0000,0x0000000019eb0000)]
  0x0000000018008800 JavaThread "Service Thread" daemon [_thread_blocked, id=14472, stack(0x00000000183e0000,0x00000000184e0000)]
  0x0000000016674000 JavaThread "C1 CompilerThread2" daemon [_thread_blocked, id=3712, stack(0x0000000017ee0000,0x0000000017fe0000)]
  0x000000001666c800 JavaThread "C2 CompilerThread1" daemon [_thread_in_native, id=456, stack(0x0000000017de0000,0x0000000017ee0000)]
=>0x0000000016679000 JavaThread "C2 CompilerThread0" daemon [_thread_in_native, id=8008, stack(0x0000000017ce0000,0x0000000017de0000)]
  0x0000000016678000 JavaThread "Attach Listener" daemon [_thread_blocked, id=9940, stack(0x0000000017be0000,0x0000000017ce0000)]
  0x0000000016676800 JavaThread "Signal Dispatcher" daemon [_thread_blocked, id=17164, stack(0x0000000017ae0000,0x0000000017be0000)]
  0x0000000002c6d000 JavaThread "Finalizer" daemon [_thread_blocked, id=18344, stack(0x00000000178e0000,0x00000000179e0000)]
  0x0000000016659000 JavaThread "Reference Handler" daemon [_thread_blocked, id=4572, stack(0x00000000177e0000,0x00000000178e0000)]
  0x0000000002cfe000 JavaThread "main" [_thread_blocked, id=20456, stack(0x0000000002a20000,0x0000000002b20000)]

Other Threads:
  0x0000000016637000 VMThread [stack: 0x00000000176e0000,0x00000000177e0000] [id=19916]
  0x00000000166cc800 WatcherThread [stack: 0x00000000184e0000,0x00000000185e0000] [id=16600]

VM state:not at safepoint (normal execution)

VM Mutex/Monitor currently owned by a thread: None

heap address: 0x00000000a0000000, size: 1536 MB, Compressed Oops mode: 32-bit
Narrow klass base: 0x0000000000000000, Narrow klass shift: 3
Compressed class space size: 1073741824 Address: 0x0000000100000000

Heap:
 PSYoungGen      total 38400K, used 6513K [0x00000000e0000000, 0x00000000e2a80000, 0x0000000100000000)
  eden space 33280K, 4% used [0x00000000e0000000,0x00000000e01606c0,0x00000000e2080000)
  from space 5120K, 99% used [0x00000000e2580000,0x00000000e2a7c030,0x00000000e2a80000)
  to   space 5120K, 0% used [0x00000000e2080000,0x00000000e2080000,0x00000000e2580000)
 ParOldGen       total 87552K, used 5138K [0x00000000a0000000, 0x00000000a5580000, 0x00000000e0000000)
  object space 87552K, 5% used [0x00000000a0000000,0x00000000a0504a48,0x00000000a5580000)
 Metaspace       used 16366K, capacity 16776K, committed 16896K, reserved 1062912K
  class space    used 2331K, capacity 2488K, committed 2560K, reserved 1048576K

Card table byte_map: [0x00000000120c0000,0x00000000123d0000] byte_map_base: 0x0000000011bc0000

Marking Bits: (ParMarkBitMap*) 0x0000000067e99f30
 Begin Bits: [0x00000000129d0000, 0x00000000141d0000)
 End Bits:   [0x00000000141d0000, 0x00000000159d0000)

Polling page: 0x0000000000df0000

CodeCache: size=245760Kb used=5150Kb max_used=5150Kb free=240609Kb
 bounds [0x0000000002d00000, 0x0000000003210000, 0x0000000011d00000]
 total_blobs=1898 nmethods=1500 adapters=311
 compilation: enabled

Compilation events (10 events):
Event: 2.018 Thread 0x0000000016674000 1502       3       sun.misc.ProxyGenerator::access$900 (5 bytes)
Event: 2.018 Thread 0x0000000016674000 nmethod 1502 0x00000000032079d0 code [0x0000000003207b40, 0x0000000003207da8]
Event: 2.018 Thread 0x0000000016674000 1503       1       com.google.common.collect.RegularImmutableList::size (5 bytes)
Event: 2.018 Thread 0x0000000016674000 nmethod 1503 0x0000000003207e90 code [0x0000000003207fe0, 0x00000000032080f0]
Event: 2.027 Thread 0x0000000016674000 1504       3       java.lang.StringBuilder::append (10 bytes)
Event: 2.027 Thread 0x0000000016674000 nmethod 1504 0x0000000003208390 code [0x0000000003208500, 0x0000000003208688]
Event: 2.057 Thread 0x0000000016674000 1505       1       java.util.concurrent.atomic.AtomicInteger::get (5 bytes)
Event: 2.057 Thread 0x0000000016674000 nmethod 1505 0x0000000003209610 code [0x0000000003209760, 0x0000000003209870]
Event: 2.060 Thread 0x0000000016674000 1506       3       org.objectweb.asm.SymbolTable::get (13 bytes)
Event: 2.060 Thread 0x0000000016674000 nmethod 1506 0x00000000032098d0 code [0x0000000003209a20, 0x0000000003209bb0]

GC Heap History (8 events):
Event: 0.570 GC heap before
{Heap before GC invocations=1 (full 0):
 PSYoungGen      total 38400K, used 33280K [0x00000000e0000000, 0x00000000e2a80000, 0x0000000100000000)
  eden space 33280K, 100% used [0x00000000e0000000,0x00000000e2080000,0x00000000e2080000)
  from space 5120K, 0% used [0x00000000e2580000,0x00000000e2580000,0x00000000e2a80000)
  to   space 5120K, 0% used [0x00000000e2080000,0x00000000e2080000,0x00000000e2580000)
 ParOldGen       total 87552K, used 0K [0x00000000a0000000, 0x00000000a5580000, 0x00000000e0000000)
  object space 87552K, 0% used [0x00000000a0000000,0x00000000a0000000,0x00000000a5580000)
 Metaspace       used 6953K, capacity 7176K, committed 7424K, reserved 1056768K
  class space    used 850K, capacity 908K, committed 1024K, reserved 1048576K
Event: 0.573 GC heap after
Heap after GC invocations=1 (full 0):
 PSYoungGen      total 38400K, used 4225K [0x00000000e0000000, 0x00000000e2a80000, 0x0000000100000000)
  eden space 33280K, 0% used [0x00000000e0000000,0x00000000e0000000,0x00000000e2080000)
  from space 5120K, 82% used [0x00000000e2080000,0x00000000e24a0720,0x00000000e2580000)
  to   space 5120K, 0% used [0x00000000e2580000,0x00000000e2580000,0x00000000e2a80000)
 ParOldGen       total 87552K, used 8K [0x00000000a0000000, 0x00000000a5580000, 0x00000000e0000000)
  object space 87552K, 0% used [0x00000000a0000000,0x00000000a0002000,0x00000000a5580000)
 Metaspace       used 6953K, capacity 7176K, committed 7424K, reserved 1056768K
  class space    used 850K, capacity 908K, committed 1024K, reserved 1048576K
}
Event: 0.813 GC heap before
{Heap before GC invocations=2 (full 0):
 PSYoungGen      total 38400K, used 37505K [0x00000000e0000000, 0x00000000e2a80000, 0x0000000100000000)
  eden space 33280K, 100% used [0x00000000e0000000,0x00000000e2080000,0x00000000e2080000)
  from space 5120K, 82% used [0x00000000e2080000,0x00000000e24a0720,0x00000000e2580000)
  to   space 5120K, 0% used [0x00000000e2580000,0x00000000e2580000,0x00000000e2a80000)
 ParOldGen       total 87552K, used 8K [0x00000000a0000000, 0x00000000a5580000, 0x00000000e0000000)
  object space 87552K, 0% used [0x00000000a0000000,0x00000000a0002000,0x00000000a5580000)
 Metaspace       used 8944K, capacity 9196K, committed 9472K, reserved 1056768K
  class space    used 1170K, capacity 1258K, committed 1280K, reserved 1048576K
Event: 0.816 GC heap after
Heap after GC invocations=2 (full 0):
 PSYoungGen      total 38400K, used 4532K [0x00000000e0000000, 0x00000000e2a80000, 0x0000000100000000)
  eden space 33280K, 0% used [0x00000000e0000000,0x00000000e0000000,0x00000000e2080000)
  from space 5120K, 88% used [0x00000000e2580000,0x00000000e29ed3a8,0x00000000e2a80000)
  to   space 5120K, 0% used [0x00000000e2080000,0x00000000e2080000,0x00000000e2580000)
 ParOldGen       total 87552K, used 16K [0x00000000a0000000, 0x00000000a5580000, 0x00000000e0000000)
  object space 87552K, 0% used [0x00000000a0000000,0x00000000a0004000,0x00000000a5580000)
 Metaspace       used 8944K, capacity 9196K, committed 9472K, reserved 1056768K
  class space    used 1170K, capacity 1258K, committed 1280K, reserved 1048576K
}
Event: 1.725 GC heap before
{Heap before GC invocations=3 (full 0):
 PSYoungGen      total 38400K, used 37812K [0x00000000e0000000, 0x00000000e2a80000, 0x0000000100000000)
  eden space 33280K, 100% used [0x00000000e0000000,0x00000000e2080000,0x00000000e2080000)
  from space 5120K, 88% used [0x00000000e2580000,0x00000000e29ed3a8,0x00000000e2a80000)
  to   space 5120K, 0% used [0x00000000e2080000,0x00000000e2080000,0x00000000e2580000)
 ParOldGen       total 87552K, used 16K [0x00000000a0000000, 0x00000000a5580000, 0x00000000e0000000)
  object space 87552K, 0% used [0x00000000a0000000,0x00000000a0004000,0x00000000a5580000)
 Metaspace       used 13369K, capacity 13720K, committed 13824K, reserved 1060864K
  class space    used 1849K, capacity 1998K, committed 2048K, reserved 1048576K
Event: 1.730 GC heap after
Heap after GC invocations=3 (full 0):
 PSYoungGen      total 38400K, used 5090K [0x00000000e0000000, 0x00000000e2a80000, 0x0000000100000000)
  eden space 33280K, 0% used [0x00000000e0000000,0x00000000e0000000,0x00000000e2080000)
  from space 5120K, 99% used [0x00000000e2080000,0x00000000e25789b8,0x00000000e2580000)
  to   space 5120K, 0% used [0x00000000e2580000,0x00000000e2580000,0x00000000e2a80000)
 ParOldGen       total 87552K, used 1992K [0x00000000a0000000, 0x00000000a5580000, 0x00000000e0000000)
  object space 87552K, 2% used [0x00000000a0000000,0x00000000a01f2028,0x00000000a5580000)
 Metaspace       used 13369K, capacity 13720K, committed 13824K, reserved 1060864K
  class space    used 1849K, capacity 1998K, committed 2048K, reserved 1048576K
}
Event: 2.043 GC heap before
{Heap before GC invocations=4 (full 0):
 PSYoungGen      total 38400K, used 38370K [0x00000000e0000000, 0x00000000e2a80000, 0x0000000100000000)
  eden space 33280K, 100% used [0x00000000e0000000,0x00000000e2080000,0x00000000e2080000)
  from space 5120K, 99% used [0x00000000e2080000,0x00000000e25789b8,0x00000000e2580000)
  to   space 5120K, 0% used [0x00000000e2580000,0x00000000e2580000,0x00000000e2a80000)
 ParOldGen       total 87552K, used 1992K [0x00000000a0000000, 0x00000000a5580000, 0x00000000e0000000)
  object space 87552K, 2% used [0x00000000a0000000,0x00000000a01f2028,0x00000000a5580000)
 Metaspace       used 16264K, capacity 16680K, committed 16896K, reserved 1062912K
  class space    used 2312K, capacity 2456K, committed 2560K, reserved 1048576K
Event: 2.057 GC heap after
Heap after GC invocations=4 (full 0):
 PSYoungGen      total 38400K, used 5104K [0x00000000e0000000, 0x00000000e2a80000, 0x0000000100000000)
  eden space 33280K, 0% used [0x00000000e0000000,0x00000000e0000000,0x00000000e2080000)
  from space 5120K, 99% used [0x00000000e2580000,0x00000000e2a7c030,0x00000000e2a80000)
  to   space 5120K, 0% used [0x00000000e2080000,0x00000000e2080000,0x00000000e2580000)
 ParOldGen       total 87552K, used 5138K [0x00000000a0000000, 0x00000000a5580000, 0x00000000e0000000)
  object space 87552K, 5% used [0x00000000a0000000,0x00000000a0504a48,0x00000000a5580000)
 Metaspace       used 16264K, capacity 16680K, committed 16896K, reserved 1062912K
  class space    used 2312K, capacity 2456K, committed 2560K, reserved 1048576K
}

Deoptimization events (10 events):
Event: 1.614 Thread 0x000000001807e000 Uncommon trap: reason=bimorphic action=maybe_recompile pc=0x0000000002f8a6a8 method=java.util.HashMap.putVal(ILjava/lang/Object;Ljava/lang/Object;ZZ)Ljava/lang/Object; @ 253
Event: 1.614 Thread 0x000000001807e000 Uncommon trap: reason=bimorphic action=maybe_recompile pc=0x0000000002f8a6a8 method=java.util.HashMap.putVal(ILjava/lang/Object;Ljava/lang/Object;ZZ)Ljava/lang/Object; @ 253
Event: 1.614 Thread 0x000000001807e000 Uncommon trap: reason=bimorphic action=maybe_recompile pc=0x0000000002f8a6a8 method=java.util.HashMap.putVal(ILjava/lang/Object;Ljava/lang/Object;ZZ)Ljava/lang/Object; @ 253
Event: 1.614 Thread 0x000000001807e000 Uncommon trap: reason=bimorphic action=maybe_recompile pc=0x0000000002f8a6a8 method=java.util.HashMap.putVal(ILjava/lang/Object;Ljava/lang/Object;ZZ)Ljava/lang/Object; @ 253
Event: 1.614 Thread 0x000000001807e000 Uncommon trap: reason=bimorphic action=maybe_recompile pc=0x0000000002f85b98 method=java.util.HashMap.putVal(ILjava/lang/Object;Ljava/lang/Object;ZZ)Ljava/lang/Object; @ 253
Event: 1.721 Thread 0x000000001807e000 Uncommon trap: reason=class_check action=maybe_recompile pc=0x0000000002fdab18 method=java.util.regex.Matcher.match(II)Z @ 86
Event: 1.734 Thread 0x000000001807e000 Uncommon trap: reason=class_check action=maybe_recompile pc=0x0000000002fdab18 method=java.util.regex.Matcher.match(II)Z @ 86
Event: 1.735 Thread 0x000000001807e000 Uncommon trap: reason=class_check action=maybe_recompile pc=0x0000000002fdab18 method=java.util.regex.Matcher.match(II)Z @ 86
Event: 1.735 Thread 0x000000001807e000 Uncommon trap: reason=class_check action=maybe_recompile pc=0x0000000002f9bd9c method=java.util.regex.Matcher.match(II)Z @ 86
Event: 1.940 Thread 0x000000001807e000 Uncommon trap: reason=unstable_if action=reinterpret pc=0x00000000030a9274 method=java.lang.String.lastIndexOf([CII[CIII)I @ 66

Classes redefined (0 events):
No events

Internal exceptions (10 events):
Event: 1.575 Thread 0x00000000187bf800 Exception <a 'java/lang/NoSuchMethodError': <clinit>> (0x00000000e09cbf48) thrown at [D:\src\AOSP-openjdk-cygwin\jdk8u\hotspot\src\share\vm\prims\jni.cpp, line 1614]
Event: 1.577 Thread 0x00000000187bf800 Exception <a 'java/lang/NoSuchMethodError': <clinit>> (0x00000000e09df5d0) thrown at [D:\src\AOSP-openjdk-cygwin\jdk8u\hotspot\src\share\vm\prims\jni.cpp, line 1614]
Event: 1.579 Thread 0x00000000187bf800 Exception <a 'java/lang/NoSuchMethodError': <clinit>> (0x00000000e0a06980) thrown at [D:\src\AOSP-openjdk-cygwin\jdk8u\hotspot\src\share\vm\prims\jni.cpp, line 1614]
Event: 1.580 Thread 0x00000000187bf800 Exception <a 'java/lang/NoSuchMethodError': <clinit>> (0x00000000e0a1e9c8) thrown at [D:\src\AOSP-openjdk-cygwin\jdk8u\hotspot\src\share\vm\prims\jni.cpp, line 1614]
Event: 1.580 Thread 0x00000000187bf800 Exception <a 'java/lang/NoSuchMethodError': <clinit>> (0x00000000e0a27658) thrown at [D:\src\AOSP-openjdk-cygwin\jdk8u\hotspot\src\share\vm\prims\jni.cpp, line 1614]
Event: 1.582 Thread 0x00000000187bf800 Exception <a 'java/lang/NoSuchMethodError': <clinit>> (0x00000000e0a3dca0) thrown at [D:\src\AOSP-openjdk-cygwin\jdk8u\hotspot\src\share\vm\prims\jni.cpp, line 1614]
Event: 1.588 Thread 0x00000000187bf800 Exception <a 'java/lang/NoSuchMethodError': <clinit>> (0x00000000e0a9e570) thrown at [D:\src\AOSP-openjdk-cygwin\jdk8u\hotspot\src\share\vm\prims\jni.cpp, line 1614]
Event: 1.591 Thread 0x00000000187bf800 Exception <a 'java/lang/NoSuchMethodError': <clinit>> (0x00000000e0acb268) thrown at [D:\src\AOSP-openjdk-cygwin\jdk8u\hotspot\src\share\vm\prims\jni.cpp, line 1614]
Event: 1.598 Thread 0x00000000187bf800 Exception <a 'java/lang/NoSuchMethodError': <clinit>> (0x00000000e0af96f8) thrown at [D:\src\AOSP-openjdk-cygwin\jdk8u\hotspot\src\share\vm\prims\jni.cpp, line 1614]
Event: 1.599 Thread 0x00000000187bf800 Exception <a 'java/lang/NoSuchMethodError': <clinit>> (0x00000000e0b049f8) thrown at [D:\src\AOSP-openjdk-cygwin\jdk8u\hotspot\src\share\vm\prims\jni.cpp, line 1614]

Events (10 events):
Event: 2.061 loading class org/objectweb/asm/Handler
Event: 2.061 loading class org/objectweb/asm/Handler done
Event: 2.061 loading class org/gradle/internal/instantiation/AbstractClassGenerator$CachedClass
Event: 2.061 loading class org/gradle/internal/instantiation/AbstractClassGenerator$CachedClass done
Event: 2.061 loading class org/gradle/internal/instantiation/AbstractClassGenerator$GeneratedClassImpl
Event: 2.061 loading class org/gradle/internal/instantiation/AbstractClassGenerator$GeneratedClassImpl done
Event: 2.062 loading class org/gradle/internal/instantiation/AbstractClassGenerator$GeneratedClassImpl$GeneratedConstructorImpl
Event: 2.062 loading class org/gradle/internal/instantiation/AbstractClassGenerator$GeneratedClassImpl$GeneratedConstructorImpl done
Event: 2.062 loading class org/gradle/internal/instantiation/ClassGenerator$GeneratedConstructor
Event: 2.062 loading class org/gradle/internal/instantiation/ClassGenerator$GeneratedConstructor done


Dynamic libraries:
0x00007ff662db0000 - 0x00007ff662de1000 	C:\Program Files\Android\Android Studio\jre\bin\java.exe
0x00007fff94320000 - 0x00007fff94510000 	C:\WINDOWS\SYSTEM32\ntdll.dll
0x00007fff6e090000 - 0x00007fff6e0a4000 	C:\Program Files\AVAST Software\Avast\aswhook.dll
0x00007fff94220000 - 0x00007fff942d2000 	C:\WINDOWS\System32\KERNEL32.DLL
0x00007fff91450000 - 0x00007fff916f3000 	C:\WINDOWS\System32\KERNELBASE.dll
0x00007fff93560000 - 0x00007fff93603000 	C:\WINDOWS\System32\ADVAPI32.dll
0x00007fff93620000 - 0x00007fff936be000 	C:\WINDOWS\System32\msvcrt.dll
0x00007fff936c0000 - 0x00007fff93757000 	C:\WINDOWS\System32\sechost.dll
0x00007fff93760000 - 0x00007fff93880000 	C:\WINDOWS\System32\RPCRT4.dll
0x00007fff94000000 - 0x00007fff94194000 	C:\WINDOWS\System32\USER32.dll
0x00007fff91360000 - 0x00007fff91381000 	C:\WINDOWS\System32\win32u.dll
0x00007fff92b40000 - 0x00007fff92b66000 	C:\WINDOWS\System32\GDI32.dll
0x00007fff91900000 - 0x00007fff91a94000 	C:\WINDOWS\System32\gdi32full.dll
0x00007fff91390000 - 0x00007fff9142e000 	C:\WINDOWS\System32\msvcp_win.dll
0x00007fff922d0000 - 0x00007fff923ca000 	C:\WINDOWS\System32\ucrtbase.dll
0x00007fff72b70000 - 0x00007fff72df5000 	C:\WINDOWS\WinSxS\amd64_microsoft.windows.common-controls_6595b64144ccf1df_6.0.18362.657_none_e6c5b579130e3898\COMCTL32.dll
0x00007fff93890000 - 0x00007fff93bc6000 	C:\WINDOWS\System32\combase.dll
0x00007fff92250000 - 0x00007fff922d0000 	C:\WINDOWS\System32\bcryptPrimitives.dll
0x00007fff93530000 - 0x00007fff9355e000 	C:\WINDOWS\System32\IMM32.DLL
0x00000000685f0000 - 0x00000000686c2000 	C:\Program Files\Android\Android Studio\jre\jre\bin\msvcr100.dll
0x00000000676d0000 - 0x0000000067f16000 	C:\Program Files\Android\Android Studio\jre\jre\bin\server\jvm.dll
0x00007fff93880000 - 0x00007fff93888000 	C:\WINDOWS\System32\PSAPI.DLL
0x00007fff887f0000 - 0x00007fff887f9000 	C:\WINDOWS\SYSTEM32\WSOCK32.dll
0x00007fff93bd0000 - 0x00007fff93c3f000 	C:\WINDOWS\System32\WS2_32.dll
0x00007fff874d0000 - 0x00007fff874f4000 	C:\WINDOWS\SYSTEM32\WINMM.dll
0x00007fff8d570000 - 0x00007fff8d57a000 	C:\WINDOWS\SYSTEM32\VERSION.dll
0x00007fff872d0000 - 0x00007fff872fd000 	C:\WINDOWS\SYSTEM32\WINMMBASE.dll
0x00007fff91310000 - 0x00007fff9135a000 	C:\WINDOWS\System32\cfgmgr32.dll
0x00007fff8b6f0000 - 0x00007fff8b6ff000 	C:\Program Files\Android\Android Studio\jre\jre\bin\verify.dll
0x00007fff78250000 - 0x00007fff78279000 	C:\Program Files\Android\Android Studio\jre\jre\bin\java.dll
0x00007fff84b20000 - 0x00007fff84b36000 	C:\Program Files\Android\Android Studio\jre\jre\bin\zip.dll
0x00007fff92d00000 - 0x00007fff933e5000 	C:\WINDOWS\System32\SHELL32.dll
0x00007fff92b70000 - 0x00007fff92c19000 	C:\WINDOWS\System32\shcore.dll
0x00007fff91ad0000 - 0x00007fff9224f000 	C:\WINDOWS\System32\windows.storage.dll
0x00007fff91270000 - 0x00007fff9128f000 	C:\WINDOWS\System32\profapi.dll
0x00007fff91220000 - 0x00007fff9126a000 	C:\WINDOWS\System32\powrprof.dll
0x00007fff911f0000 - 0x00007fff91200000 	C:\WINDOWS\System32\UMPDC.dll
0x00007fff93d50000 - 0x00007fff93da2000 	C:\WINDOWS\System32\shlwapi.dll
0x00007fff91200000 - 0x00007fff91211000 	C:\WINDOWS\System32\kernel.appcore.dll
0x00007fff91430000 - 0x00007fff91447000 	C:\WINDOWS\System32\cryptsp.dll
0x00007fff84650000 - 0x00007fff8466a000 	C:\Program Files\Android\Android Studio\jre\jre\bin\net.dll
0x00007fff90a60000 - 0x00007fff90ac7000 	C:\WINDOWS\system32\mswsock.dll
0x00007fff78230000 - 0x00007fff78241000 	C:\Program Files\Android\Android Studio\jre\jre\bin\nio.dll
0x00007fff6cc60000 - 0x00007fff6cc86000 	C:\Users\danie\.gradle\native\29\windows-amd64\native-platform.dll
0x00007fff860d0000 - 0x00007fff860dd000 	C:\Program Files\Android\Android Studio\jre\jre\bin\management.dll
0x00007fff905d0000 - 0x00007fff90603000 	C:\WINDOWS\system32\rsaenh.dll
0x00007fff91aa0000 - 0x00007fff91ac6000 	C:\WINDOWS\System32\bcrypt.dll
0x00007fff91110000 - 0x00007fff91135000 	C:\WINDOWS\SYSTEM32\USERENV.dll
0x00007fff90c30000 - 0x00007fff90c3c000 	C:\WINDOWS\SYSTEM32\CRYPTBASE.dll
0x00007fff90770000 - 0x00007fff907aa000 	C:\WINDOWS\SYSTEM32\IPHLPAPI.DLL
0x00007fff92c20000 - 0x00007fff92c28000 	C:\WINDOWS\System32\NSI.dll
0x00007fff8c860000 - 0x00007fff8c876000 	C:\WINDOWS\SYSTEM32\dhcpcsvc6.DLL
0x00007fff8cf70000 - 0x00007fff8cf8c000 	C:\WINDOWS\SYSTEM32\dhcpcsvc.DLL
0x00007fff907b0000 - 0x00007fff9087a000 	C:\WINDOWS\SYSTEM32\DNSAPI.dll

VM Arguments:
jvm_args: -Xmx1536m -Dfile.encoding=windows-1252 -Duser.country=GB -Duser.language=en -Duser.variant 
java_command: org.gradle.launcher.daemon.bootstrap.GradleDaemon 5.4.1
java_class_path (initial): C:\Users\danie\.gradle\wrapper\dists\gradle-5.4.1-all\3221gyojl5jsh0helicew7rwx\gradle-5.4.1\lib\gradle-launcher-5.4.1.jar
Launcher Type: SUN_STANDARD

Environment Variables:
PATH=C:\ProgramData\Oracle\Java\javapath;C:\Program Files (x86)\Common Files\Oracle\Java\javapath;c:\windows\system32;c:\windows;c:\windows\system32\wbem;c:\windows\system32\windowspowershell\v1.0\;C:\Program Files (x86)\NVIDIA Corporation\PhysX\Common;C:\WINDOWS\system32;C:\WINDOWS;C:\WINDOWS\System32\Wbem;C:\WINDOWS\System32\WindowsPowerShell\v1.0\;C:\WINDOWS\System32\OpenSSH\;C:\Program Files\NVIDIA Corporation\NVIDIA NvDLISR;C:\Program Files\MATLAB\R2019b\bin;G:\Program Files\MATLAB 2\runtime\win64;G:\Program Files\MATLAB 2\bin;C:\WINDOWS\system32;C:\WINDOWS;C:\WINDOWS\System32\Wbem;C:\WINDOWS\System32\WindowsPowerShell\v1.0\;C:\WINDOWS\System32\OpenSSH\;C:\Program Files\Microsoft SQL Server\130\Tools\Binn\;C:\Program Files (x86)\Microsoft SQL Server\150\DTS\Binn\;C:\Users\danie\AppData\Local\Microsoft\WindowsApps;C:\Users\danie\AppData\Local\GitHubDesktop\bin;%USERPROFILE%\AppData\Local\Microsoft\WindowsApps;
USERNAME=danie
OS=Windows_NT
PROCESSOR_IDENTIFIER=Intel64 Family 6 Model 158 Stepping 9, GenuineIntel



---------------  S Y S T E M  ---------------

OS: Windows 10.0 , 64 bit Build 18362 (10.0.18362.329)

CPU:total 4 (initial active 4) (4 cores per cpu, 1 threads per core) family 6 model 158 stepping 9, cmov, cx8, fxsr, mmx, sse, sse2, sse3, ssse3, sse4.1, sse4.2, popcnt, avx, avx2, aes, clmul, erms, rtm, 3dnowpref, lzcnt, tsc, tscinvbit, bmi1, bmi2, adx

Memory: 4k page, physical 8352524k(541920k free), swap 11936524k(5540k free)

vm_info: OpenJDK 64-Bit Server VM (25.202-b03) for windows-amd64 JRE (1.8.0_202-release-1483-b03), built by "builder" with MS VC++ 10.0 (VS2010)

time: Thu Mar 12 21:22:08 2020
timezone: GMT Standard Time
elapsed time: 2 seconds (0d 0h 0m 2s)

