#
# There is insufficient memory for the Java Runtime Environment to continue.
# Native memory allocation (malloc) failed to allocate 1983424 bytes for Chunk::new
# Possible reasons:
#   The system is out of physical RAM or swap space
#   The process is running with CompressedOops enabled, and the Java Heap may be blocking the growth of the native heap
# Possible solutions:
#   Reduce memory load on the system
#   Increase physical memory or swap space
#   Check if swap backing store is full
#   Decrease Java heap size (-Xmx/-Xms)
#   Decrease number of Java threads
#   Decrease Java thread stack sizes (-Xss)
#   Set larger code cache with -XX:ReservedCodeCacheSize=
#   JVM is running with Unscaled Compressed Oops mode in which the Java heap is
#     placed in the first 4GB address space. The Java Heap base address is the
#     maximum limit for the native heap growth. Please use -XX:HeapBaseMinAddress
#     to set the Java Heap base and to place the Java Heap above 4GB virtual address.
# This output file may be truncated or incomplete.
#
#  Out of Memory Error (allocation.cpp:389), pid=11600, tid=0x0000000000003338
#
# JRE version: OpenJDK Runtime Environment (8.0_202-b03) (build 1.8.0_202-release-1483-b03)
# Java VM: OpenJDK 64-Bit Server VM (25.202-b03 mixed mode windows-amd64 compressed oops)
# Failed to write core dump. Minidumps are not enabled by default on client versions of Windows
#

---------------  T H R E A D  ---------------

Current thread (0x000000001628c000):  JavaThread "C2 CompilerThread1" daemon [_thread_in_native, id=13112, stack(0x0000000017a00000,0x0000000017b00000)]

Stack: [0x0000000017a00000,0x0000000017b00000]
[error occurred during error reporting (printing stack bounds), id 0xc0000005]

Native frames: (J=compiled Java code, j=interpreted, Vv=VM code, C=native code)


Current CompileTask:
C2:   4559 1368       4       java.net.URLClassLoader$1::run (5 bytes)


---------------  P R O C E S S  ---------------

Java Threads: ( => current thread )
  0x0000000018cd6800 JavaThread "Cache worker for journal cache (C:\Users\danie\.gradle\caches\journal-1)" [_thread_blocked, id=1248, stack(0x000000001ae50000,0x000000001af50000)]
  0x0000000018cd2800 JavaThread "File lock request listener" [_thread_in_native, id=13820, stack(0x000000001ad50000,0x000000001ae50000)]
  0x0000000018f88800 JavaThread "Cache worker for file hash cache (C:\Users\danie\.gradle\caches\5.4.1\fileHashes)" [_thread_blocked, id=16564, stack(0x000000001ac50000,0x000000001ad50000)]
  0x0000000017d36000 JavaThread "Thread-9" [_thread_blocked, id=1328, stack(0x000000001ab50000,0x000000001ac50000)]
  0x0000000017d33000 JavaThread "Stdin handler" [_thread_blocked, id=16244, stack(0x000000001aa50000,0x000000001ab50000)]
  0x0000000017d30800 JavaThread "Asynchronous log dispatcher for DefaultDaemonConnection: socket connection from /127.0.0.1:52102 to /127.0.0.1:52104" [_thread_blocked, id=10072, stack(0x000000001a950000,0x000000001aa50000)]
  0x0000000017d2a800 JavaThread "Daemon worker" [_thread_blocked, id=14024, stack(0x000000001a850000,0x000000001a950000)]
  0x0000000017d78800 JavaThread "Cancel handler" [_thread_blocked, id=12020, stack(0x000000001a750000,0x000000001a850000)]
  0x0000000017b7b000 JavaThread "Handler for socket connection from /127.0.0.1:52102 to /127.0.0.1:52104" [_thread_in_native, id=8732, stack(0x000000001a450000,0x000000001a550000)]
  0x0000000017b78800 JavaThread "Daemon" [_thread_blocked, id=11256, stack(0x000000001a350000,0x000000001a450000)]
  0x00000000183ea000 JavaThread "Daemon periodic checks" [_thread_blocked, id=16100, stack(0x000000001a250000,0x000000001a350000)]
  0x00000000183ad800 JavaThread "Incoming local TCP Connector on port 52102" [_thread_in_native, id=10212, stack(0x000000001a010000,0x000000001a110000)]
  0x000000001951c000 JavaThread "Daemon health stats" [_thread_blocked, id=18032, stack(0x00000000199d0000,0x0000000019ad0000)]
  0x0000000017b16800 JavaThread "Service Thread" daemon [_thread_blocked, id=21112, stack(0x0000000018000000,0x0000000018100000)]
  0x0000000017b08800 JavaThread "C1 CompilerThread2" daemon [_thread_blocked, id=1660, stack(0x0000000017f00000,0x0000000018000000)]
=>0x000000001628c000 JavaThread "C2 CompilerThread1" daemon [_thread_in_native, id=13112, stack(0x0000000017a00000,0x0000000017b00000)]
  0x0000000016297000 JavaThread "C2 CompilerThread0" daemon [_thread_in_native, id=19268, stack(0x0000000017900000,0x0000000017a00000)]
  0x0000000016295800 JavaThread "Attach Listener" daemon [_thread_blocked, id=14260, stack(0x0000000017800000,0x0000000017900000)]
  0x0000000016294800 JavaThread "Signal Dispatcher" daemon [_thread_blocked, id=10556, stack(0x0000000017700000,0x0000000017800000)]
  0x000000000291b000 JavaThread "Finalizer" daemon [_thread_blocked, id=17168, stack(0x0000000017500000,0x0000000017600000)]
  0x0000000016279000 JavaThread "Reference Handler" daemon [_thread_blocked, id=7696, stack(0x0000000017400000,0x0000000017500000)]
  0x000000000280e000 JavaThread "main" [_thread_blocked, id=8332, stack(0x00000000026a0000,0x00000000027a0000)]

Other Threads:
  0x0000000016256800 VMThread [stack: 0x0000000017300000,0x0000000017400000] [id=748]
  0x0000000017b17800 WatcherThread [stack: 0x0000000018100000,0x0000000018200000] [id=10684]

VM state:at safepoint (normal execution)

VM Mutex/Monitor currently owned by a thread:  ([mutex/lock_event])
[0x000000000280d010] Threads_lock - owner thread: 0x0000000016256800
[0x000000000280c990] Heap_lock - owner thread: 0x0000000017d2a800

heap address: 0x00000000a0000000, size: 1536 MB, Compressed Oops mode: 32-bit
Narrow klass base: 0x0000000000000000, Narrow klass shift: 3
Compressed class space size: 1073741824 Address: 0x0000000100000000

Heap:
 PSYoungGen      total 38400K, used 38400K [0x00000000e0000000, 0x00000000e2a80000, 0x0000000100000000)
  eden space 33280K, 100% used [0x00000000e0000000,0x00000000e2080000,0x00000000e2080000)
  from space 5120K, 100% used [0x00000000e2080000,0x00000000e2580000,0x00000000e2580000)
  to   space 5120K, 99% used [0x00000000e2580000,0x00000000e2a7c030,0x00000000e2a80000)
 ParOldGen       total 87552K, used 2090K [0x00000000a0000000, 0x00000000a5580000, 0x00000000e0000000)
  object space 87552K, 2% used [0x00000000a0000000,0x00000000a020abe0,0x00000000a5580000)
 Metaspace       used 16235K, capacity 16656K, committed 16896K, reserved 1062912K
  class space    used 2315K, capacity 2478K, committed 2560K, reserved 1048576K

Card table byte_map: [0x0000000011ce0000,0x0000000011ff0000] byte_map_base: 0x00000000117e0000

Marking Bits: (ParMarkBitMap*) 0x0000000067e99f30
 Begin Bits: [0x00000000125f0000, 0x0000000013df0000)
 End Bits:   [0x0000000013df0000, 0x00000000155f0000)

Polling page: 0x0000000000d30000

CodeCache: size=245760Kb used=5111Kb max_used=5111Kb free=240648Kb
 bounds [0x0000000002920000, 0x0000000002e20000, 0x0000000011920000]
 total_blobs=1872 nmethods=1475 adapters=310
 compilation: enabled

Compilation events (10 events):
Event: 4.523 Thread 0x0000000017b08800 1477       1       com.google.common.collect.RegularImmutableList::size (5 bytes)
Event: 4.523 Thread 0x0000000017b08800 nmethod 1477 0x0000000002e1d150 code [0x0000000002e1d2a0, 0x0000000002e1d3b0]
Event: 4.545 Thread 0x0000000017b08800 1478       3       java.util.concurrent.locks.AbstractQueuedSynchronizer::setState (6 bytes)
Event: 4.545 Thread 0x0000000017b08800 nmethod 1478 0x0000000002e1e310 code [0x0000000002e1e460, 0x0000000002e1e5b0]
Event: 4.549 Thread 0x0000000017b08800 1479       3       java.lang.Class::forName (53 bytes)
Event: 4.549 Thread 0x0000000017b08800 nmethod 1479 0x0000000002e1ea90 code [0x0000000002e1ec40, 0x0000000002e1f2e8]
Event: 4.555 Thread 0x0000000017b08800 1480       3       java.lang.reflect.Array::newInstance (6 bytes)
Event: 4.555 Thread 0x0000000017b08800 nmethod 1480 0x0000000002e1f510 code [0x0000000002e1f680, 0x0000000002e1f7e8]
Event: 4.555 Thread 0x0000000017b08800 1481       3       org.objectweb.asm.SymbolTable::get (13 bytes)
Event: 4.555 Thread 0x0000000017b08800 nmethod 1481 0x0000000002e1f890 code [0x0000000002e1f9e0, 0x0000000002e1fb70]

GC Heap History (7 events):
Event: 2.443 GC heap before
{Heap before GC invocations=1 (full 0):
 PSYoungGen      total 38400K, used 33280K [0x00000000e0000000, 0x00000000e2a80000, 0x0000000100000000)
  eden space 33280K, 100% used [0x00000000e0000000,0x00000000e2080000,0x00000000e2080000)
  from space 5120K, 0% used [0x00000000e2580000,0x00000000e2580000,0x00000000e2a80000)
  to   space 5120K, 0% used [0x00000000e2080000,0x00000000e2080000,0x00000000e2580000)
 ParOldGen       total 87552K, used 0K [0x00000000a0000000, 0x00000000a5580000, 0x00000000e0000000)
  object space 87552K, 0% used [0x00000000a0000000,0x00000000a0000000,0x00000000a5580000)
 Metaspace       used 6961K, capacity 7180K, committed 7424K, reserved 1056768K
  class space    used 850K, capacity 908K, committed 1024K, reserved 1048576K
Event: 2.447 GC heap after
Heap after GC invocations=1 (full 0):
 PSYoungGen      total 38400K, used 4253K [0x00000000e0000000, 0x00000000e2a80000, 0x0000000100000000)
  eden space 33280K, 0% used [0x00000000e0000000,0x00000000e0000000,0x00000000e2080000)
  from space 5120K, 83% used [0x00000000e2080000,0x00000000e24a7750,0x00000000e2580000)
  to   space 5120K, 0% used [0x00000000e2580000,0x00000000e2580000,0x00000000e2a80000)
 ParOldGen       total 87552K, used 8K [0x00000000a0000000, 0x00000000a5580000, 0x00000000e0000000)
  object space 87552K, 0% used [0x00000000a0000000,0x00000000a0002000,0x00000000a5580000)
 Metaspace       used 6961K, capacity 7180K, committed 7424K, reserved 1056768K
  class space    used 850K, capacity 908K, committed 1024K, reserved 1048576K
}
Event: 2.896 GC heap before
{Heap before GC invocations=2 (full 0):
 PSYoungGen      total 38400K, used 37533K [0x00000000e0000000, 0x00000000e2a80000, 0x0000000100000000)
  eden space 33280K, 100% used [0x00000000e0000000,0x00000000e2080000,0x00000000e2080000)
  from space 5120K, 83% used [0x00000000e2080000,0x00000000e24a7750,0x00000000e2580000)
  to   space 5120K, 0% used [0x00000000e2580000,0x00000000e2580000,0x00000000e2a80000)
 ParOldGen       total 87552K, used 8K [0x00000000a0000000, 0x00000000a5580000, 0x00000000e0000000)
  object space 87552K, 0% used [0x00000000a0000000,0x00000000a0002000,0x00000000a5580000)
 Metaspace       used 8963K, capacity 9200K, committed 9472K, reserved 1056768K
  class space    used 1170K, capacity 1258K, committed 1280K, reserved 1048576K
Event: 2.902 GC heap after
Heap after GC invocations=2 (full 0):
 PSYoungGen      total 38400K, used 4465K [0x00000000e0000000, 0x00000000e2a80000, 0x0000000100000000)
  eden space 33280K, 0% used [0x00000000e0000000,0x00000000e0000000,0x00000000e2080000)
  from space 5120K, 87% used [0x00000000e2580000,0x00000000e29dc5d0,0x00000000e2a80000)
  to   space 5120K, 0% used [0x00000000e2080000,0x00000000e2080000,0x00000000e2580000)
 ParOldGen       total 87552K, used 16K [0x00000000a0000000, 0x00000000a5580000, 0x00000000e0000000)
  object space 87552K, 0% used [0x00000000a0000000,0x00000000a0004000,0x00000000a5580000)
 Metaspace       used 8963K, capacity 9200K, committed 9472K, reserved 1056768K
  class space    used 1170K, capacity 1258K, committed 1280K, reserved 1048576K
}
Event: 4.184 GC heap before
{Heap before GC invocations=3 (full 0):
 PSYoungGen      total 38400K, used 37745K [0x00000000e0000000, 0x00000000e2a80000, 0x0000000100000000)
  eden space 33280K, 100% used [0x00000000e0000000,0x00000000e2080000,0x00000000e2080000)
  from space 5120K, 87% used [0x00000000e2580000,0x00000000e29dc5d0,0x00000000e2a80000)
  to   space 5120K, 0% used [0x00000000e2080000,0x00000000e2080000,0x00000000e2580000)
 ParOldGen       total 87552K, used 16K [0x00000000a0000000, 0x00000000a5580000, 0x00000000e0000000)
  object space 87552K, 0% used [0x00000000a0000000,0x00000000a0004000,0x00000000a5580000)
 Metaspace       used 13319K, capacity 13664K, committed 13824K, reserved 1060864K
  class space    used 1844K, capacity 1988K, committed 2048K, reserved 1048576K
Event: 4.189 GC heap after
Heap after GC invocations=3 (full 0):
 PSYoungGen      total 38400K, used 5120K [0x00000000e0000000, 0x00000000e2a80000, 0x0000000100000000)
  eden space 33280K, 0% used [0x00000000e0000000,0x00000000e0000000,0x00000000e2080000)
  from space 5120K, 100% used [0x00000000e2080000,0x00000000e2580000,0x00000000e2580000)
  to   space 5120K, 0% used [0x00000000e2580000,0x00000000e2580000,0x00000000e2a80000)
 ParOldGen       total 87552K, used 1820K [0x00000000a0000000, 0x00000000a5580000, 0x00000000e0000000)
  object space 87552K, 2% used [0x00000000a0000000,0x00000000a01c7148,0x00000000a5580000)
 Metaspace       used 13319K, capacity 13664K, committed 13824K, reserved 1060864K
  class space    used 1844K, capacity 1988K, committed 2048K, reserved 1048576K
}
Event: 4.556 GC heap before
{Heap before GC invocations=4 (full 0):
 PSYoungGen      total 38400K, used 38400K [0x00000000e0000000, 0x00000000e2a80000, 0x0000000100000000)
  eden space 33280K, 100% used [0x00000000e0000000,0x00000000e2080000,0x00000000e2080000)
  from space 5120K, 100% used [0x00000000e2080000,0x00000000e2580000,0x00000000e2580000)
  to   space 5120K, 0% used [0x00000000e2580000,0x00000000e2580000,0x00000000e2a80000)
 ParOldGen       total 87552K, used 1820K [0x00000000a0000000, 0x00000000a5580000, 0x00000000e0000000)
  object space 87552K, 2% used [0x00000000a0000000,0x00000000a01c7148,0x00000000a5580000)
 Metaspace       used 16235K, capacity 16656K, committed 16896K, reserved 1062912K
  class space    used 2315K, capacity 2478K, committed 2560K, reserved 1048576K

Deoptimization events (10 events):
Event: 4.008 Thread 0x0000000017d2a800 Uncommon trap: reason=bimorphic action=maybe_recompile pc=0x0000000002b9e164 method=java.util.HashMap.putVal(ILjava/lang/Object;Ljava/lang/Object;ZZ)Ljava/lang/Object; @ 253
Event: 4.008 Thread 0x0000000017d2a800 Uncommon trap: reason=bimorphic action=maybe_recompile pc=0x0000000002b9e164 method=java.util.HashMap.putVal(ILjava/lang/Object;Ljava/lang/Object;ZZ)Ljava/lang/Object; @ 253
Event: 4.008 Thread 0x0000000017d2a800 Uncommon trap: reason=bimorphic action=maybe_recompile pc=0x0000000002b9e164 method=java.util.HashMap.putVal(ILjava/lang/Object;Ljava/lang/Object;ZZ)Ljava/lang/Object; @ 253
Event: 4.008 Thread 0x0000000017d2a800 Uncommon trap: reason=bimorphic action=maybe_recompile pc=0x0000000002b9e164 method=java.util.HashMap.putVal(ILjava/lang/Object;Ljava/lang/Object;ZZ)Ljava/lang/Object; @ 253
Event: 4.009 Thread 0x0000000017d2a800 Uncommon trap: reason=bimorphic action=maybe_recompile pc=0x0000000002ba2944 method=java.util.HashMap.putVal(ILjava/lang/Object;Ljava/lang/Object;ZZ)Ljava/lang/Object; @ 253
Event: 4.177 Thread 0x0000000017d2a800 Uncommon trap: reason=class_check action=maybe_recompile pc=0x0000000002c03bd8 method=java.util.regex.Matcher.match(II)Z @ 86
Event: 4.193 Thread 0x0000000017d2a800 Uncommon trap: reason=class_check action=maybe_recompile pc=0x0000000002c03bd8 method=java.util.regex.Matcher.match(II)Z @ 86
Event: 4.193 Thread 0x0000000017d2a800 Uncommon trap: reason=class_check action=maybe_recompile pc=0x0000000002c03bd8 method=java.util.regex.Matcher.match(II)Z @ 86
Event: 4.193 Thread 0x0000000017d2a800 Uncommon trap: reason=class_check action=maybe_recompile pc=0x0000000002bc28dc method=java.util.regex.Matcher.match(II)Z @ 86
Event: 4.400 Thread 0x0000000017d2a800 Uncommon trap: reason=unstable_if action=reinterpret pc=0x0000000002cd5074 method=java.lang.String.lastIndexOf([CII[CIII)I @ 66

Classes redefined (0 events):
No events

Internal exceptions (10 events):
Event: 2.889 Thread 0x000000000280e000 Exception <a 'java/lang/NoSuchFieldError': method resolution failed> (0x00000000e201f810) thrown at [D:\src\AOSP-openjdk-cygwin\jdk8u\hotspot\src\share\vm\prims\methodHandles.cpp, line 1167]
Event: 2.890 Thread 0x000000000280e000 Exception <a 'java/lang/NoSuchFieldError': method resolution failed> (0x00000000e202d510) thrown at [D:\src\AOSP-openjdk-cygwin\jdk8u\hotspot\src\share\vm\prims\methodHandles.cpp, line 1167]
Event: 3.910 Thread 0x000000000280e000 Exception <a 'java/io/IOException'> (0x00000000e07902f8) thrown at [D:\src\AOSP-openjdk-cygwin\jdk8u\hotspot\src\share\vm\prims\jni.cpp, line 710]
Event: 3.969 Thread 0x0000000017b7b000 Exception <a 'java/lang/NoSuchMethodError': <clinit>> (0x00000000e09d1cc8) thrown at [D:\src\AOSP-openjdk-cygwin\jdk8u\hotspot\src\share\vm\prims\jni.cpp, line 1614]
Event: 3.970 Thread 0x0000000017b7b000 Exception <a 'java/lang/NoSuchMethodError': <clinit>> (0x00000000e09dba78) thrown at [D:\src\AOSP-openjdk-cygwin\jdk8u\hotspot\src\share\vm\prims\jni.cpp, line 1614]
Event: 3.971 Thread 0x0000000017b7b000 Exception <a 'java/lang/NoSuchMethodError': <clinit>> (0x00000000e09efc28) thrown at [D:\src\AOSP-openjdk-cygwin\jdk8u\hotspot\src\share\vm\prims\jni.cpp, line 1614]
Event: 3.980 Thread 0x0000000017b7b000 Exception <a 'java/lang/NoSuchMethodError': <clinit>> (0x00000000e0a4abc0) thrown at [D:\src\AOSP-openjdk-cygwin\jdk8u\hotspot\src\share\vm\prims\jni.cpp, line 1614]
Event: 3.985 Thread 0x0000000017b7b000 Exception <a 'java/lang/NoSuchMethodError': <clinit>> (0x00000000e0a828d0) thrown at [D:\src\AOSP-openjdk-cygwin\jdk8u\hotspot\src\share\vm\prims\jni.cpp, line 1614]
Event: 3.988 Thread 0x0000000017b7b000 Exception <a 'java/lang/NoSuchMethodError': <clinit>> (0x00000000e0ab8980) thrown at [D:\src\AOSP-openjdk-cygwin\jdk8u\hotspot\src\share\vm\prims\jni.cpp, line 1614]
Event: 3.989 Thread 0x0000000017b7b000 Exception <a 'java/lang/NoSuchMethodError': <clinit>> (0x00000000e0ac43f8) thrown at [D:\src\AOSP-openjdk-cygwin\jdk8u\hotspot\src\share\vm\prims\jni.cpp, line 1614]

Events (10 events):
Event: 4.554 loading class com/google/common/collect/LinkedHashMultimap$ValueSet$1 done
Event: 4.554 loading class org/gradle/internal/instantiation/AsmBackedClassGenerator$ClassBuilderImpl$12
Event: 4.554 loading class org/gradle/internal/instantiation/AsmBackedClassGenerator$ClassBuilderImpl$12 done
Event: 4.555 loading class org/gradle/model/internal/asm/AsmClassGeneratorUtils
Event: 4.555 loading class org/gradle/model/internal/asm/AsmClassGeneratorUtils done
Event: 4.555 loading class org/objectweb/asm/Handler
Event: 4.555 loading class org/objectweb/asm/Handler done
Event: 4.556 loading class org/gradle/internal/instantiation/AbstractClassGenerator$CachedClass
Event: 4.556 loading class org/gradle/internal/instantiation/AbstractClassGenerator$CachedClass done
Event: 4.556 Executing VM operation: ParallelGCFailedAllocation


Dynamic libraries:
0x00007ff6a6760000 - 0x00007ff6a6791000 	C:\Program Files\Android\Android Studio\jre\bin\java.exe
0x00007fff94320000 - 0x00007fff94510000 	C:\WINDOWS\SYSTEM32\ntdll.dll
0x00007fff6e090000 - 0x00007fff6e0a4000 	C:\Program Files\AVAST Software\Avast\aswhook.dll
0x00007fff94220000 - 0x00007fff942d2000 	C:\WINDOWS\System32\KERNEL32.DLL
0x00007fff91450000 - 0x00007fff916f3000 	C:\WINDOWS\System32\KERNELBASE.dll
0x00007fff93560000 - 0x00007fff93603000 	C:\WINDOWS\System32\ADVAPI32.dll
0x00007fff93620000 - 0x00007fff936be000 	C:\WINDOWS\System32\msvcrt.dll
0x00007fff936c0000 - 0x00007fff93757000 	C:\WINDOWS\System32\sechost.dll
0x00007fff93760000 - 0x00007fff93880000 	C:\WINDOWS\System32\RPCRT4.dll
0x00007fff94000000 - 0x00007fff94194000 	C:\WINDOWS\System32\USER32.dll
0x00007fff91360000 - 0x00007fff91381000 	C:\WINDOWS\System32\win32u.dll
0x00007fff92b40000 - 0x00007fff92b66000 	C:\WINDOWS\System32\GDI32.dll
0x00007fff91900000 - 0x00007fff91a94000 	C:\WINDOWS\System32\gdi32full.dll
0x00007fff91390000 - 0x00007fff9142e000 	C:\WINDOWS\System32\msvcp_win.dll
0x00007fff922d0000 - 0x00007fff923ca000 	C:\WINDOWS\System32\ucrtbase.dll
0x00007fff72b70000 - 0x00007fff72df5000 	C:\WINDOWS\WinSxS\amd64_microsoft.windows.common-controls_6595b64144ccf1df_6.0.18362.657_none_e6c5b579130e3898\COMCTL32.dll
0x00007fff93890000 - 0x00007fff93bc6000 	C:\WINDOWS\System32\combase.dll
0x00007fff92250000 - 0x00007fff922d0000 	C:\WINDOWS\System32\bcryptPrimitives.dll
0x00007fff93530000 - 0x00007fff9355e000 	C:\WINDOWS\System32\IMM32.DLL
0x00000000685f0000 - 0x00000000686c2000 	C:\Program Files\Android\Android Studio\jre\jre\bin\msvcr100.dll
0x00000000676d0000 - 0x0000000067f16000 	C:\Program Files\Android\Android Studio\jre\jre\bin\server\jvm.dll
0x00007fff93880000 - 0x00007fff93888000 	C:\WINDOWS\System32\PSAPI.DLL
0x00007fff887f0000 - 0x00007fff887f9000 	C:\WINDOWS\SYSTEM32\WSOCK32.dll
0x00007fff93bd0000 - 0x00007fff93c3f000 	C:\WINDOWS\System32\WS2_32.dll
0x00007fff874d0000 - 0x00007fff874f4000 	C:\WINDOWS\SYSTEM32\WINMM.dll
0x00007fff8d570000 - 0x00007fff8d57a000 	C:\WINDOWS\SYSTEM32\VERSION.dll
0x00007fff872d0000 - 0x00007fff872fd000 	C:\WINDOWS\SYSTEM32\WINMMBASE.dll
0x00007fff91310000 - 0x00007fff9135a000 	C:\WINDOWS\System32\cfgmgr32.dll
0x00007fff8b990000 - 0x00007fff8b99f000 	C:\Program Files\Android\Android Studio\jre\jre\bin\verify.dll
0x00007fff84b30000 - 0x00007fff84b59000 	C:\Program Files\Android\Android Studio\jre\jre\bin\java.dll
0x00007fff85f70000 - 0x00007fff85f86000 	C:\Program Files\Android\Android Studio\jre\jre\bin\zip.dll
0x00007fff92d00000 - 0x00007fff933e5000 	C:\WINDOWS\System32\SHELL32.dll
0x00007fff92b70000 - 0x00007fff92c19000 	C:\WINDOWS\System32\shcore.dll
0x00007fff91ad0000 - 0x00007fff9224f000 	C:\WINDOWS\System32\windows.storage.dll
0x00007fff91270000 - 0x00007fff9128f000 	C:\WINDOWS\System32\profapi.dll
0x00007fff91220000 - 0x00007fff9126a000 	C:\WINDOWS\System32\powrprof.dll
0x00007fff911f0000 - 0x00007fff91200000 	C:\WINDOWS\System32\UMPDC.dll
0x00007fff93d50000 - 0x00007fff93da2000 	C:\WINDOWS\System32\shlwapi.dll
0x00007fff91200000 - 0x00007fff91211000 	C:\WINDOWS\System32\kernel.appcore.dll
0x00007fff91430000 - 0x00007fff91447000 	C:\WINDOWS\System32\cryptsp.dll
0x00007fff84650000 - 0x00007fff8466a000 	C:\Program Files\Android\Android Studio\jre\jre\bin\net.dll
0x00007fff90a60000 - 0x00007fff90ac7000 	C:\WINDOWS\system32\mswsock.dll
0x00007fff7a1c0000 - 0x00007fff7a1d1000 	C:\Program Files\Android\Android Studio\jre\jre\bin\nio.dll
0x00007fff6cf40000 - 0x00007fff6cf66000 	C:\Users\danie\.gradle\native\29\windows-amd64\native-platform.dll
0x00007fff8b6f0000 - 0x00007fff8b6fd000 	C:\Program Files\Android\Android Studio\jre\jre\bin\management.dll
0x00007fff905d0000 - 0x00007fff90603000 	C:\WINDOWS\system32\rsaenh.dll
0x00007fff91aa0000 - 0x00007fff91ac6000 	C:\WINDOWS\System32\bcrypt.dll
0x00007fff91110000 - 0x00007fff91135000 	C:\WINDOWS\SYSTEM32\USERENV.dll
0x00007fff90c30000 - 0x00007fff90c3c000 	C:\WINDOWS\SYSTEM32\CRYPTBASE.dll
0x00007fff90770000 - 0x00007fff907aa000 	C:\WINDOWS\SYSTEM32\IPHLPAPI.DLL
0x00007fff92c20000 - 0x00007fff92c28000 	C:\WINDOWS\System32\NSI.dll
0x00007fff8c860000 - 0x00007fff8c876000 	C:\WINDOWS\SYSTEM32\dhcpcsvc6.DLL
0x00007fff8cf70000 - 0x00007fff8cf8c000 	C:\WINDOWS\SYSTEM32\dhcpcsvc.DLL
0x00007fff907b0000 - 0x00007fff9087a000 	C:\WINDOWS\SYSTEM32\DNSAPI.dll

VM Arguments:
jvm_args: -Xmx1536m -Dfile.encoding=windows-1252 -Duser.country=GB -Duser.language=en -Duser.variant 
java_command: org.gradle.launcher.daemon.bootstrap.GradleDaemon 5.4.1
java_class_path (initial): C:\Users\danie\.gradle\wrapper\dists\gradle-5.4.1-all\3221gyojl5jsh0helicew7rwx\gradle-5.4.1\lib\gradle-launcher-5.4.1.jar
Launcher Type: SUN_STANDARD

Environment Variables:
PATH=C:\ProgramData\Oracle\Java\javapath;C:\Program Files (x86)\Common Files\Oracle\Java\javapath;c:\windows\system32;c:\windows;c:\windows\system32\wbem;c:\windows\system32\windowspowershell\v1.0\;C:\Program Files (x86)\NVIDIA Corporation\PhysX\Common;C:\WINDOWS\system32;C:\WINDOWS;C:\WINDOWS\System32\Wbem;C:\WINDOWS\System32\WindowsPowerShell\v1.0\;C:\WINDOWS\System32\OpenSSH\;C:\Program Files\NVIDIA Corporation\NVIDIA NvDLISR;C:\Program Files\MATLAB\R2019b\bin;G:\Program Files\MATLAB 2\runtime\win64;G:\Program Files\MATLAB 2\bin;C:\WINDOWS\system32;C:\WINDOWS;C:\WINDOWS\System32\Wbem;C:\WINDOWS\System32\WindowsPowerShell\v1.0\;C:\WINDOWS\System32\OpenSSH\;C:\Program Files\Microsoft SQL Server\130\Tools\Binn\;C:\Program Files (x86)\Microsoft SQL Server\150\DTS\Binn\;C:\Users\danie\AppData\Local\Microsoft\WindowsApps;C:\Users\danie\AppData\Local\GitHubDesktop\bin;%USERPROFILE%\AppData\Local\Microsoft\WindowsApps;
USERNAME=danie
OS=Windows_NT
PROCESSOR_IDENTIFIER=Intel64 Family 6 Model 158 Stepping 9, GenuineIntel



---------------  S Y S T E M  ---------------

OS: Windows 10.0 , 64 bit Build 18362 (10.0.18362.329)

CPU:total 4 (initial active 4) (4 cores per cpu, 1 threads per core) family 6 model 158 stepping 9, cmov, cx8, fxsr, mmx, sse, sse2, sse3, ssse3, sse4.1, sse4.2, popcnt, avx, avx2, aes, clmul, erms, rtm, 3dnowpref, lzcnt, tsc, tscinvbit, bmi1, bmi2, adx

Memory: 4k page, physical 8352524k(301956k free), swap 11936524k(6856k free)

vm_info: OpenJDK 64-Bit Server VM (25.202-b03) for windows-amd64 JRE (1.8.0_202-release-1483-b03), built by "builder" with MS VC++ 10.0 (VS2010)

time: Thu Mar 12 21:10:55 2020
timezone: GMT Standard Time
elapsed time: 4 seconds (0d 0h 0m 4s)

